<?xml version="1.0" encoding="UTF-8"?>
<coverage generated="1771336062023" clover="3.2.0">
  <project timestamp="1771336062023" name="All files">
    <metrics statements="113" coveredstatements="81" conditionals="53" coveredconditionals="23" methods="10" coveredmethods="8" elements="176" coveredelements="112" complexity="0" loc="113" ncloc="113" packages="1" files="3" classes="3"/>
    <file name="executor.ts" path="C:\Users\shiva\Downloads\patchgate\src\executor.ts">
      <metrics statements="80" coveredstatements="55" conditionals="37" coveredconditionals="14" methods="6" coveredmethods="5"/>
      <line num="6" count="1" type="stmt"/>
      <line num="7" count="1" type="stmt"/>
      <line num="8" count="1" type="stmt"/>
      <line num="15" count="1" type="stmt"/>
      <line num="19" count="5" type="stmt"/>
      <line num="20" count="5" type="stmt"/>
      <line num="21" count="5" type="stmt"/>
      <line num="23" count="5" type="stmt"/>
      <line num="24" count="6" type="cond" truecount="4" falsecount="0"/>
      <line num="25" count="5" type="stmt"/>
      <line num="26" count="5" type="cond" truecount="1" falsecount="0"/>
      <line num="27" count="5" type="stmt"/>
      <line num="28" count="5" type="stmt"/>
      <line num="29" count="5" type="stmt"/>
      <line num="34" count="5" type="stmt"/>
      <line num="37" count="6" type="stmt"/>
      <line num="39" count="5" type="stmt"/>
      <line num="44" count="5" type="stmt"/>
      <line num="51" count="1" type="stmt"/>
      <line num="55" count="1" type="stmt"/>
      <line num="56" count="1" type="cond" truecount="0" falsecount="1"/>
      <line num="57" count="0" type="stmt"/>
      <line num="60" count="1" type="stmt"/>
      <line num="62" count="1" type="stmt"/>
      <line num="63" count="1" type="stmt"/>
      <line num="64" count="1" type="stmt"/>
      <line num="66" count="1" type="cond" truecount="1" falsecount="1"/>
      <line num="67" count="0" type="cond" truecount="0" falsecount="1"/>
      <line num="68" count="1" type="cond" truecount="1" falsecount="0"/>
      <line num="69" count="1" type="stmt"/>
      <line num="70" count="1" type="stmt"/>
      <line num="79" count="1" type="stmt"/>
      <line num="84" count="6" type="stmt"/>
      <line num="91" count="6" type="cond" truecount="3" falsecount="0"/>
      <line num="92" count="4" type="stmt"/>
      <line num="93" count="4" type="stmt"/>
      <line num="95" count="0" type="stmt"/>
      <line num="96" count="0" type="stmt"/>
      <line num="100" count="6" type="stmt"/>
      <line num="101" count="6" type="stmt"/>
      <line num="102" count="6" type="stmt"/>
      <line num="103" count="5" type="stmt"/>
      <line num="105" count="1" type="stmt"/>
      <line num="109" count="6" type="stmt"/>
      <line num="110" count="6" type="stmt"/>
      <line num="114" count="6" type="stmt"/>
      <line num="116" count="6" type="cond" truecount="3" falsecount="2"/>
      <line num="119" count="4" type="cond" truecount="0" falsecount="1"/>
      <line num="120" count="0" type="stmt"/>
      <line num="122" count="4" type="stmt"/>
      <line num="124" count="4" type="stmt"/>
      <line num="125" count="4" type="stmt"/>
      <line num="126" count="4" type="stmt"/>
      <line num="127" count="4" type="stmt"/>
      <line num="129" count="0" type="cond" truecount="0" falsecount="1"/>
      <line num="130" count="0" type="stmt"/>
      <line num="132" count="4" type="stmt"/>
      <line num="136" count="2" type="cond" truecount="1" falsecount="0"/>
      <line num="137" count="1" type="stmt"/>
      <line num="139" count="1" type="stmt"/>
      <line num="140" count="1" type="stmt"/>
      <line num="144" count="0" type="cond" truecount="0" falsecount="1"/>
      <line num="145" count="0" type="stmt"/>
      <line num="147" count="0" type="stmt"/>
      <line num="148" count="0" type="cond" truecount="0" falsecount="1"/>
      <line num="149" count="0" type="stmt"/>
      <line num="151" count="0" type="stmt"/>
      <line num="152" count="0" type="stmt"/>
      <line num="153" count="0" type="stmt"/>
      <line num="157" count="0" type="stmt"/>
      <line num="165" count="1" type="stmt"/>
      <line num="169" count="0" type="cond" truecount="0" falsecount="1"/>
      <line num="170" count="0" type="cond" truecount="0" falsecount="1"/>
      <line num="171" count="0" type="cond" truecount="0" falsecount="1"/>
      <line num="172" count="0" type="cond" truecount="0" falsecount="2"/>
      <line num="173" count="0" type="stmt"/>
      <line num="176" count="0" type="stmt"/>
      <line num="177" count="0" type="cond" truecount="0" falsecount="2"/>
      <line num="180" count="0" type="cond" truecount="0" falsecount="2"/>
      <line num="182" count="0" type="stmt"/>
    </file>
    <file name="policy.ts" path="C:\Users\shiva\Downloads\patchgate\src\policy.ts">
      <metrics statements="32" coveredstatements="25" conditionals="16" coveredconditionals="9" methods="4" coveredmethods="3"/>
      <line num="6" count="1" type="stmt"/>
      <line num="7" count="1" type="stmt"/>
      <line num="8" count="1" type="stmt"/>
      <line num="24" count="1" type="stmt"/>
      <line num="29" count="8" type="stmt"/>
      <line num="30" count="8" type="stmt"/>
      <line num="32" count="8" type="stmt"/>
      <line num="34" count="8" type="stmt"/>
      <line num="35" count="12" type="stmt"/>
      <line num="36" count="12" type="cond" truecount="2" falsecount="0"/>
      <line num="37" count="8" type="stmt"/>
      <line num="39" count="4" type="stmt"/>
      <line num="43" count="8" type="stmt"/>
      <line num="47" count="12" type="stmt"/>
      <line num="48" count="12" type="stmt"/>
      <line num="51" count="12" type="cond" truecount="1" falsecount="0"/>
      <line num="52" count="1" type="stmt"/>
      <line num="56" count="11" type="cond" truecount="1" falsecount="0"/>
      <line num="57" count="1" type="stmt"/>
      <line num="61" count="10" type="stmt"/>
      <line num="62" count="45" type="cond" truecount="2" falsecount="0"/>
      <line num="65" count="10" type="cond" truecount="1" falsecount="0"/>
      <line num="66" count="6" type="stmt"/>
      <line num="70" count="4" type="cond" truecount="1" falsecount="2"/>
      <line num="71" count="0" type="stmt"/>
      <line num="72" count="0" type="cond" truecount="0" falsecount="1"/>
      <line num="73" count="0" type="stmt"/>
      <line num="75" count="0" type="stmt"/>
      <line num="76" count="0" type="cond" truecount="0" falsecount="2"/>
      <line num="79" count="0" type="cond" truecount="0" falsecount="1"/>
      <line num="80" count="0" type="stmt"/>
      <line num="84" count="4" type="stmt"/>
    </file>
    <file name="types.ts" path="C:\Users\shiva\Downloads\patchgate\src\types.ts">
      <metrics statements="1" coveredstatements="1" conditionals="0" coveredconditionals="0" methods="0" coveredmethods="0"/>
      <line num="79" count="1" type="stmt"/>
    </file>
  </project>
</coverage>
