{"C:\\Users\\shiva\\Downloads\\patchgate\\src\\executor.ts": {"path":"C:\\Users\\shiva\\Downloads\\patchgate\\src\\executor.ts","statementMap":{"0":{"start":{"line":15,"column":0},"end":{"line":15,"column":16}},"1":{"start":{"line":51,"column":0},"end":{"line":51,"column":16}},"2":{"start":{"line":79,"column":0},"end":{"line":79,"column":16}},"3":{"start":{"line":165,"column":0},"end":{"line":165,"column":16}},"4":{"start":{"line":6,"column":0},"end":{"line":6,"column":20}},"5":{"start":{"line":7,"column":0},"end":{"line":7,"column":24}},"6":{"start":{"line":8,"column":0},"end":{"line":8,"column":35}},"7":{"start":{"line":19,"column":21},"end":{"line":19,"column":55}},"8":{"start":{"line":20,"column":22},"end":{"line":20,"column":79}},"9":{"start":{"line":21,"column":2},"end":{"line":21,"column":49}},"10":{"start":{"line":23,"column":2},"end":{"line":32,"column":3}},"11":{"start":{"line":24,"column":4},"end":{"line":31,"column":5}},"12":{"start":{"line":25,"column":23},"end":{"line":25,"column":53}},"13":{"start":{"line":26,"column":6},"end":{"line":30,"column":7}},"14":{"start":{"line":27,"column":25},"end":{"line":27,"column":59}},"15":{"start":{"line":28,"column":8},"end":{"line":28,"column":66}},"16":{"start":{"line":29,"column":8},"end":{"line":29,"column":44}},"17":{"start":{"line":34,"column":19},"end":{"line":38,"column":4}},"18":{"start":{"line":37,"column":31},"end":{"line":37,"column":57}},"19":{"start":{"line":39,"column":2},"end":{"line":42,"column":4}},"20":{"start":{"line":44,"column":2},"end":{"line":44,"column":21}},"21":{"start":{"line":55,"column":23},"end":{"line":55,"column":62}},"22":{"start":{"line":56,"column":2},"end":{"line":58,"column":3}},"23":{"start":{"line":57,"column":4},"end":{"line":57,"column":77}},"24":{"start":{"line":60,"column":19},"end":{"line":60,"column":69}},"25":{"start":{"line":62,"column":2},"end":{"line":72,"column":3}},"26":{"start":{"line":63,"column":25},"end":{"line":63,"column":59}},"27":{"start":{"line":64,"column":23},"end":{"line":64,"column":53}},"28":{"start":{"line":66,"column":4},"end":{"line":71,"column":5}},"29":{"start":{"line":67,"column":6},"end":{"line":67,"column":63}},"30":{"start":{"line":67,"column":37},"end":{"line":67,"column":63}},"31":{"start":{"line":68,"column":11},"end":{"line":71,"column":5}},"32":{"start":{"line":69,"column":6},"end":{"line":69,"column":66}},"33":{"start":{"line":70,"column":6},"end":{"line":70,"column":48}},"34":{"start":{"line":84,"column":30},"end":{"line":89,"column":4}},"35":{"start":{"line":91,"column":2},"end":{"line":98,"column":3}},"36":{"start":{"line":92,"column":4},"end":{"line":97,"column":5}},"37":{"start":{"line":93,"column":6},"end":{"line":93,"column":59}},"38":{"start":{"line":95,"column":6},"end":{"line":95,"column":73}},"39":{"start":{"line":96,"column":6},"end":{"line":96,"column":20}},"40":{"start":{"line":100,"column":2},"end":{"line":107,"column":3}},"41":{"start":{"line":101,"column":4},"end":{"line":106,"column":5}},"42":{"start":{"line":102,"column":6},"end":{"line":102,"column":31}},"43":{"start":{"line":103,"column":6},"end":{"line":103,"column":38}},"44":{"start":{"line":105,"column":6},"end":{"line":105,"column":69}},"45":{"start":{"line":109,"column":2},"end":{"line":109,"column":46}},"46":{"start":{"line":110,"column":2},"end":{"line":110,"column":16}},"47":{"start":{"line":114,"column":19},"end":{"line":114,"column":49}},"48":{"start":{"line":116,"column":2},"end":{"line":158,"column":3}},"49":{"start":{"line":119,"column":6},"end":{"line":121,"column":7}},"50":{"start":{"line":120,"column":8},"end":{"line":120,"column":69}},"51":{"start":{"line":122,"column":6},"end":{"line":122,"column":64}},"52":{"start":{"line":124,"column":22},"end":{"line":124,"column":57}},"53":{"start":{"line":125,"column":6},"end":{"line":131,"column":7}},"54":{"start":{"line":126,"column":8},"end":{"line":126,"column":58}},"55":{"start":{"line":127,"column":8},"end":{"line":127,"column":41}},"56":{"start":{"line":129,"column":8},"end":{"line":129,"column":59}},"57":{"start":{"line":129,"column":36},"end":{"line":129,"column":59}},"58":{"start":{"line":130,"column":8},"end":{"line":130,"column":18}},"59":{"start":{"line":132,"column":6},"end":{"line":132,"column":12}},"60":{"start":{"line":136,"column":6},"end":{"line":138,"column":7}},"61":{"start":{"line":137,"column":8},"end":{"line":137,"column":80}},"62":{"start":{"line":139,"column":6},"end":{"line":139,"column":30}},"63":{"start":{"line":140,"column":6},"end":{"line":140,"column":12}},"64":{"start":{"line":144,"column":6},"end":{"line":146,"column":7}},"65":{"start":{"line":145,"column":8},"end":{"line":145,"column":76}},"66":{"start":{"line":147,"column":26},"end":{"line":147,"column":59}},"67":{"start":{"line":148,"column":6},"end":{"line":150,"column":7}},"68":{"start":{"line":149,"column":8},"end":{"line":149,"column":80}},"69":{"start":{"line":151,"column":6},"end":{"line":151,"column":67}},"70":{"start":{"line":152,"column":6},"end":{"line":152,"column":43}},"71":{"start":{"line":153,"column":6},"end":{"line":153,"column":12}},"72":{"start":{"line":157,"column":6},"end":{"line":157,"column":73}},"73":{"start":{"line":169,"column":2},"end":{"line":169,"column":64}},"74":{"start":{"line":169,"column":29},"end":{"line":169,"column":64}},"75":{"start":{"line":170,"column":2},"end":{"line":170,"column":83}},"76":{"start":{"line":170,"column":29},"end":{"line":170,"column":83}},"77":{"start":{"line":171,"column":2},"end":{"line":174,"column":3}},"78":{"start":{"line":172,"column":18},"end":{"line":172,"column":58}},"79":{"start":{"line":173,"column":4},"end":{"line":173,"column":57}},"80":{"start":{"line":176,"column":19},"end":{"line":176,"column":49}},"81":{"start":{"line":177,"column":17},"end":{"line":179,"column":8}},"82":{"start":{"line":180,"column":16},"end":{"line":180,"column":35}},"83":{"start":{"line":182,"column":2},"end":{"line":182,"column":67}}},"fnMap":{"0":{"name":"saveSnapshot","decl":{"start":{"line":15,"column":16},"end":{"line":15,"column":28}},"loc":{"start":{"line":17,"column":33},"end":{"line":45,"column":1}}},"1":{"name":"(anonymous_2)","decl":{"start":{"line":37,"column":23},"end":{"line":37,"column":24}},"loc":{"start":{"line":37,"column":31},"end":{"line":37,"column":57}}},"2":{"name":"rollback","decl":{"start":{"line":51,"column":16},"end":{"line":51,"column":24}},"loc":{"start":{"line":53,"column":33},"end":{"line":73,"column":1}}},"3":{"name":"applyPatches","decl":{"start":{"line":79,"column":16},"end":{"line":79,"column":28}},"loc":{"start":{"line":82,"column":32},"end":{"line":111,"column":1}}},"4":{"name":"applyOne","decl":{"start":{"line":113,"column":9},"end":{"line":113,"column":17}},"loc":{"start":{"line":113,"column":51},"end":{"line":159,"column":1}}},"5":{"name":"generateDiff","decl":{"start":{"line":165,"column":16},"end":{"line":165,"column":28}},"loc":{"start":{"line":167,"column":33},"end":{"line":183,"column":1}}}},"branchMap":{"0":{"loc":{"start":{"line":17,"column":2},"end":{"line":17,"column":33}},"type":"default-arg","locations":[{"start":{"line":17,"column":20},"end":{"line":17,"column":33}}]},"1":{"loc":{"start":{"line":24,"column":4},"end":{"line":31,"column":5}},"type":"if","locations":[{"start":{"line":24,"column":4},"end":{"line":31,"column":5}}]},"2":{"loc":{"start":{"line":24,"column":8},"end":{"line":24,"column":79}},"type":"binary-expr","locations":[{"start":{"line":24,"column":8},"end":{"line":24,"column":29}},{"start":{"line":24,"column":33},"end":{"line":24,"column":54}},{"start":{"line":24,"column":58},"end":{"line":24,"column":79}}]},"3":{"loc":{"start":{"line":26,"column":6},"end":{"line":30,"column":7}},"type":"if","locations":[{"start":{"line":26,"column":6},"end":{"line":30,"column":7}}]},"4":{"loc":{"start":{"line":53,"column":2},"end":{"line":53,"column":33}},"type":"default-arg","locations":[{"start":{"line":53,"column":20},"end":{"line":53,"column":33}}]},"5":{"loc":{"start":{"line":56,"column":2},"end":{"line":58,"column":3}},"type":"if","locations":[{"start":{"line":56,"column":2},"end":{"line":58,"column":3}}]},"6":{"loc":{"start":{"line":66,"column":4},"end":{"line":71,"column":5}},"type":"if","locations":[{"start":{"line":66,"column":4},"end":{"line":71,"column":5}},{"start":{"line":68,"column":11},"end":{"line":71,"column":5}}]},"7":{"loc":{"start":{"line":67,"column":6},"end":{"line":67,"column":63}},"type":"if","locations":[{"start":{"line":67,"column":6},"end":{"line":67,"column":63}}]},"8":{"loc":{"start":{"line":68,"column":11},"end":{"line":71,"column":5}},"type":"if","locations":[{"start":{"line":68,"column":11},"end":{"line":71,"column":5}}]},"9":{"loc":{"start":{"line":81,"column":2},"end":{"line":81,"column":33}},"type":"default-arg","locations":[{"start":{"line":81,"column":20},"end":{"line":81,"column":33}}]},"10":{"loc":{"start":{"line":82,"column":2},"end":{"line":82,"column":32}},"type":"default-arg","locations":[{"start":{"line":82,"column":28},"end":{"line":82,"column":32}}]},"11":{"loc":{"start":{"line":91,"column":2},"end":{"line":98,"column":3}},"type":"if","locations":[{"start":{"line":91,"column":2},"end":{"line":98,"column":3}}]},"12":{"loc":{"start":{"line":91,"column":6},"end":{"line":91,"column":42}},"type":"binary-expr","locations":[{"start":{"line":91,"column":6},"end":{"line":91,"column":20}},{"start":{"line":91,"column":24},"end":{"line":91,"column":42}}]},"13":{"loc":{"start":{"line":116,"column":2},"end":{"line":158,"column":3}},"type":"switch","locations":[{"start":{"line":117,"column":4},"end":{"line":117,"column":18}},{"start":{"line":118,"column":4},"end":{"line":133,"column":5}},{"start":{"line":135,"column":4},"end":{"line":141,"column":5}},{"start":{"line":143,"column":4},"end":{"line":154,"column":5}},{"start":{"line":156,"column":4},"end":{"line":157,"column":73}}]},"14":{"loc":{"start":{"line":119,"column":6},"end":{"line":121,"column":7}},"type":"if","locations":[{"start":{"line":119,"column":6},"end":{"line":121,"column":7}}]},"15":{"loc":{"start":{"line":129,"column":8},"end":{"line":129,"column":59}},"type":"if","locations":[{"start":{"line":129,"column":8},"end":{"line":129,"column":59}}]},"16":{"loc":{"start":{"line":136,"column":6},"end":{"line":138,"column":7}},"type":"if","locations":[{"start":{"line":136,"column":6},"end":{"line":138,"column":7}}]},"17":{"loc":{"start":{"line":144,"column":6},"end":{"line":146,"column":7}},"type":"if","locations":[{"start":{"line":144,"column":6},"end":{"line":146,"column":7}}]},"18":{"loc":{"start":{"line":148,"column":6},"end":{"line":150,"column":7}},"type":"if","locations":[{"start":{"line":148,"column":6},"end":{"line":150,"column":7}}]},"19":{"loc":{"start":{"line":167,"column":2},"end":{"line":167,"column":33}},"type":"default-arg","locations":[{"start":{"line":167,"column":20},"end":{"line":167,"column":33}}]},"20":{"loc":{"start":{"line":169,"column":2},"end":{"line":169,"column":64}},"type":"if","locations":[{"start":{"line":169,"column":2},"end":{"line":169,"column":64}}]},"21":{"loc":{"start":{"line":170,"column":2},"end":{"line":170,"column":83}},"type":"if","locations":[{"start":{"line":170,"column":2},"end":{"line":170,"column":83}}]},"22":{"loc":{"start":{"line":171,"column":2},"end":{"line":174,"column":3}},"type":"if","locations":[{"start":{"line":171,"column":2},"end":{"line":174,"column":3}}]},"23":{"loc":{"start":{"line":172,"column":19},"end":{"line":172,"column":38}},"type":"binary-expr","locations":[{"start":{"line":172,"column":19},"end":{"line":172,"column":32}},{"start":{"line":172,"column":36},"end":{"line":172,"column":38}}]},"24":{"loc":{"start":{"line":177,"column":17},"end":{"line":179,"column":8}},"type":"cond-expr","locations":[{"start":{"line":178,"column":6},"end":{"line":178,"column":40}},{"start":{"line":179,"column":6},"end":{"line":179,"column":8}}]},"25":{"loc":{"start":{"line":180,"column":16},"end":{"line":180,"column":35}},"type":"binary-expr","locations":[{"start":{"line":180,"column":16},"end":{"line":180,"column":29}},{"start":{"line":180,"column":33},"end":{"line":180,"column":35}}]}},"s":{"0":1,"1":1,"2":1,"3":1,"4":1,"5":1,"6":1,"7":5,"8":5,"9":5,"10":5,"11":6,"12":5,"13":5,"14":5,"15":5,"16":5,"17":5,"18":6,"19":5,"20":5,"21":1,"22":1,"23":0,"24":1,"25":1,"26":1,"27":1,"28":1,"29":0,"30":0,"31":1,"32":1,"33":1,"34":6,"35":6,"36":4,"37":4,"38":0,"39":0,"40":6,"41":6,"42":6,"43":5,"44":1,"45":6,"46":6,"47":6,"48":6,"49":4,"50":0,"51":4,"52":4,"53":4,"54":4,"55":4,"56":0,"57":0,"58":0,"59":4,"60":2,"61":1,"62":1,"63":1,"64":0,"65":0,"66":0,"67":0,"68":0,"69":0,"70":0,"71":0,"72":0,"73":0,"74":0,"75":0,"76":0,"77":0,"78":0,"79":0,"80":0,"81":0,"82":0,"83":0},"f":{"0":5,"1":6,"2":1,"3":6,"4":6,"5":0},"b":{"0":[0],"1":[5],"2":[6,2,1],"3":[5],"4":[0],"5":[0],"6":[0,1],"7":[0],"8":[1],"9":[0],"10":[0],"11":[4],"12":[6,4],"13":[2,4,2,0,0],"14":[0],"15":[0],"16":[1],"17":[0],"18":[0],"19":[0],"20":[0],"21":[0],"22":[0],"23":[0,0],"24":[0,0],"25":[0,0]}}
,"C:\\Users\\shiva\\Downloads\\patchgate\\src\\policy.ts": {"path":"C:\\Users\\shiva\\Downloads\\patchgate\\src\\policy.ts","statementMap":{"0":{"start":{"line":24,"column":0},"end":{"line":24,"column":16}},"1":{"start":{"line":6,"column":0},"end":{"line":6,"column":24}},"2":{"start":{"line":7,"column":0},"end":{"line":7,"column":36}},"3":{"start":{"line":8,"column":0},"end":{"line":8,"column":69}},"4":{"start":{"line":29,"column":31},"end":{"line":29,"column":33}},"5":{"start":{"line":30,"column":37},"end":{"line":30,"column":39}},"6":{"start":{"line":32,"column":24},"end":{"line":32,"column":64}},"7":{"start":{"line":34,"column":2},"end":{"line":41,"column":3}},"8":{"start":{"line":35,"column":22},"end":{"line":35,"column":54}},"9":{"start":{"line":36,"column":4},"end":{"line":40,"column":5}},"10":{"start":{"line":37,"column":6},"end":{"line":37,"column":49}},"11":{"start":{"line":39,"column":6},"end":{"line":39,"column":26}},"12":{"start":{"line":43,"column":2},"end":{"line":43,"column":30}},"13":{"start":{"line":47,"column":21},"end":{"line":47,"column":31}},"14":{"start":{"line":48,"column":21},"end":{"line":48,"column":47}},"15":{"start":{"line":51,"column":2},"end":{"line":53,"column":3}},"16":{"start":{"line":52,"column":4},"end":{"line":52,"column":54}},"17":{"start":{"line":56,"column":2},"end":{"line":58,"column":3}},"18":{"start":{"line":57,"column":4},"end":{"line":57,"column":56}},"19":{"start":{"line":61,"column":25},"end":{"line":63,"column":null}},"20":{"start":{"line":62,"column":2},"end":{"line":63,"column":71}},"21":{"start":{"line":65,"column":2},"end":{"line":67,"column":3}},"22":{"start":{"line":66,"column":4},"end":{"line":66,"column":76}},"23":{"start":{"line":70,"column":2},"end":{"line":82,"column":3}},"24":{"start":{"line":71,"column":26},"end":{"line":71,"column":55}},"25":{"start":{"line":72,"column":4},"end":{"line":74,"column":5}},"26":{"start":{"line":73,"column":6},"end":{"line":73,"column":72}},"27":{"start":{"line":75,"column":23},"end":{"line":77,"column":null}},"28":{"start":{"line":76,"column":2},"end":{"line":77,"column":75}},"29":{"start":{"line":79,"column":4},"end":{"line":81,"column":5}},"30":{"start":{"line":80,"column":6},"end":{"line":80,"column":88}},"31":{"start":{"line":84,"column":2},"end":{"line":84,"column":14}}},"fnMap":{"0":{"name":"enforcePolicy","decl":{"start":{"line":24,"column":16},"end":{"line":24,"column":29}},"loc":{"start":{"line":27,"column":31},"end":{"line":44,"column":1}}},"1":{"name":"checkPatch","decl":{"start":{"line":46,"column":9},"end":{"line":46,"column":19}},"loc":{"start":{"line":46,"column":57},"end":{"line":85,"column":1}}},"2":{"name":"(anonymous_3)","decl":{"start":{"line":61,"column":40},"end":{"line":61,"column":41}},"loc":{"start":{"line":62,"column":2},"end":{"line":63,"column":71}}},"3":{"name":"(anonymous_4)","decl":{"start":{"line":75,"column":38},"end":{"line":75,"column":39}},"loc":{"start":{"line":76,"column":2},"end":{"line":77,"column":75}}}},"branchMap":{"0":{"loc":{"start":{"line":26,"column":2},"end":{"line":26,"column":42}},"type":"default-arg","locations":[{"start":{"line":26,"column":28},"end":{"line":26,"column":42}}]},"1":{"loc":{"start":{"line":27,"column":2},"end":{"line":27,"column":31}},"type":"default-arg","locations":[{"start":{"line":27,"column":29},"end":{"line":27,"column":31}}]},"2":{"loc":{"start":{"line":36,"column":4},"end":{"line":40,"column":5}},"type":"if","locations":[{"start":{"line":36,"column":4},"end":{"line":40,"column":5}},{"start":{"line":38,"column":11},"end":{"line":40,"column":5}}]},"3":{"loc":{"start":{"line":51,"column":2},"end":{"line":53,"column":3}},"type":"if","locations":[{"start":{"line":51,"column":2},"end":{"line":53,"column":3}}]},"4":{"loc":{"start":{"line":56,"column":2},"end":{"line":58,"column":3}},"type":"if","locations":[{"start":{"line":56,"column":2},"end":{"line":58,"column":3}}]},"5":{"loc":{"start":{"line":62,"column":2},"end":{"line":63,"column":71}},"type":"binary-expr","locations":[{"start":{"line":62,"column":2},"end":{"line":62,"column":56}},{"start":{"line":63,"column":2},"end":{"line":63,"column":71}}]},"6":{"loc":{"start":{"line":65,"column":2},"end":{"line":67,"column":3}},"type":"if","locations":[{"start":{"line":65,"column":2},"end":{"line":67,"column":3}}]},"7":{"loc":{"start":{"line":70,"column":2},"end":{"line":82,"column":3}},"type":"if","locations":[{"start":{"line":70,"column":2},"end":{"line":82,"column":3}}]},"8":{"loc":{"start":{"line":70,"column":6},"end":{"line":70,"column":44}},"type":"binary-expr","locations":[{"start":{"line":70,"column":6},"end":{"line":70,"column":27}},{"start":{"line":70,"column":31},"end":{"line":70,"column":44}}]},"9":{"loc":{"start":{"line":72,"column":4},"end":{"line":74,"column":5}},"type":"if","locations":[{"start":{"line":72,"column":4},"end":{"line":74,"column":5}}]},"10":{"loc":{"start":{"line":76,"column":2},"end":{"line":77,"column":75}},"type":"binary-expr","locations":[{"start":{"line":76,"column":2},"end":{"line":76,"column":60}},{"start":{"line":77,"column":2},"end":{"line":77,"column":75}}]},"11":{"loc":{"start":{"line":79,"column":4},"end":{"line":81,"column":5}},"type":"if","locations":[{"start":{"line":79,"column":4},"end":{"line":81,"column":5}}]}},"s":{"0":1,"1":1,"2":1,"3":1,"4":8,"5":8,"6":8,"7":8,"8":12,"9":12,"10":8,"11":4,"12":8,"13":12,"14":12,"15":12,"16":1,"17":11,"18":1,"19":10,"20":45,"21":10,"22":6,"23":4,"24":0,"25":0,"26":0,"27":0,"28":0,"29":0,"30":0,"31":4},"f":{"0":8,"1":12,"2":45,"3":0},"b":{"0":[0],"1":[8],"2":[8,4],"3":[1],"4":[1],"5":[45,41],"6":[6],"7":[0],"8":[4,0],"9":[0],"10":[0,0],"11":[0]}}
,"C:\\Users\\shiva\\Downloads\\patchgate\\src\\types.ts": {"path":"C:\\Users\\shiva\\Downloads\\patchgate\\src\\types.ts","statementMap":{"0":{"start":{"line":79,"column":13},"end":{"line":92,"column":2}}},"fnMap":{},"branchMap":{},"s":{"0":1},"f":{},"b":{}}
}
