TN:
SF:src\executor.ts
FN:15,saveSnapshot
FN:37,(anonymous_2)
FN:51,rollback
FN:79,applyPatches
FN:113,applyOne
FN:165,generateDiff
FNF:6
FNH:5
FNDA:5,saveSnapshot
FNDA:6,(anonymous_2)
FNDA:1,rollback
FNDA:6,applyPatches
FNDA:6,applyOne
FNDA:0,generateDiff
DA:6,1
DA:7,1
DA:8,1
DA:15,1
DA:19,5
DA:20,5
DA:21,5
DA:23,5
DA:24,6
DA:25,5
DA:26,5
DA:27,5
DA:28,5
DA:29,5
DA:34,5
DA:37,6
DA:39,5
DA:44,5
DA:51,1
DA:55,1
DA:56,1
DA:57,0
DA:60,1
DA:62,1
DA:63,1
DA:64,1
DA:66,1
DA:67,0
DA:68,1
DA:69,1
DA:70,1
DA:79,1
DA:84,6
DA:91,6
DA:92,4
DA:93,4
DA:95,0
DA:96,0
DA:100,6
DA:101,6
DA:102,6
DA:103,5
DA:105,1
DA:109,6
DA:110,6
DA:114,6
DA:116,6
DA:119,4
DA:120,0
DA:122,4
DA:124,4
DA:125,4
DA:126,4
DA:127,4
DA:129,0
DA:130,0
DA:132,4
DA:136,2
DA:137,1
DA:139,1
DA:140,1
DA:144,0
DA:145,0
DA:147,0
DA:148,0
DA:149,0
DA:151,0
DA:152,0
DA:153,0
DA:157,0
DA:165,1
DA:169,0
DA:170,0
DA:171,0
DA:172,0
DA:173,0
DA:176,0
DA:177,0
DA:180,0
DA:182,0
LF:80
LH:55
BRDA:17,0,0,0
BRDA:24,1,0,5
BRDA:24,2,0,6
BRDA:24,2,1,2
BRDA:24,2,2,1
BRDA:26,3,0,5
BRDA:53,4,0,0
BRDA:56,5,0,0
BRDA:66,6,0,0
BRDA:66,6,1,1
BRDA:67,7,0,0
BRDA:68,8,0,1
BRDA:81,9,0,0
BRDA:82,10,0,0
BRDA:91,11,0,4
BRDA:91,12,0,6
BRDA:91,12,1,4
BRDA:116,13,0,2
BRDA:116,13,1,4
BRDA:116,13,2,2
BRDA:116,13,3,0
BRDA:116,13,4,0
BRDA:119,14,0,0
BRDA:129,15,0,0
BRDA:136,16,0,1
BRDA:144,17,0,0
BRDA:148,18,0,0
BRDA:167,19,0,0
BRDA:169,20,0,0
BRDA:170,21,0,0
BRDA:171,22,0,0
BRDA:172,23,0,0
BRDA:172,23,1,0
BRDA:177,24,0,0
BRDA:177,24,1,0
BRDA:180,25,0,0
BRDA:180,25,1,0
BRF:37
BRH:14
end_of_record
TN:
SF:src\policy.ts
FN:24,enforcePolicy
FN:46,checkPatch
FN:61,(anonymous_3)
FN:75,(anonymous_4)
FNF:4
FNH:3
FNDA:8,enforcePolicy
FNDA:12,checkPatch
FNDA:45,(anonymous_3)
FNDA:0,(anonymous_4)
DA:6,1
DA:7,1
DA:8,1
DA:24,1
DA:29,8
DA:30,8
DA:32,8
DA:34,8
DA:35,12
DA:36,12
DA:37,8
DA:39,4
DA:43,8
DA:47,12
DA:48,12
DA:51,12
DA:52,1
DA:56,11
DA:57,1
DA:61,10
DA:62,45
DA:65,10
DA:66,6
DA:70,4
DA:71,0
DA:72,0
DA:73,0
DA:75,0
DA:76,0
DA:79,0
DA:80,0
DA:84,4
LF:32
LH:25
BRDA:26,0,0,0
BRDA:27,1,0,8
BRDA:36,2,0,8
BRDA:36,2,1,4
BRDA:51,3,0,1
BRDA:56,4,0,1
BRDA:62,5,0,45
BRDA:62,5,1,41
BRDA:65,6,0,6
BRDA:70,7,0,0
BRDA:70,8,0,4
BRDA:70,8,1,0
BRDA:72,9,0,0
BRDA:76,10,0,0
BRDA:76,10,1,0
BRDA:79,11,0,0
BRF:16
BRH:9
end_of_record
TN:
SF:src\types.ts
FNF:0
FNH:0
DA:79,1
LF:1
LH:1
BRF:0
BRH:0
end_of_record
